<?xml version="1.0" encoding="UTF-8"?>
<!-- Generated by org.testng.reporters.JUnitReportReporter -->
<testsuite hostname="DESKTOP-G4KEMP5" failures="0" tests="1" name="Tests.TestOne" time="1.868" errors="0" timestamp="2025-03-21T14:43:07 IST" skipped="0">
  <testcase classname="Tests.TestOne" name="test_1" time="1.868"/>
</testsuite> <!-- Tests.TestOne -->
