<?xml version="1.0" encoding="UTF-8"?>
<!-- Generated by org.testng.reporters.JUnitReportReporter -->
<testsuite hostname="DESKTOP-G4KEMP5" failures="0" tests="3" name="Tests.PutPatchDelete" time="3.377" errors="0" timestamp="2025-03-24T16:23:21 IST" skipped="0">
  <testcase classname="Tests.PutPatchDelete" name="testPut" time="0.386"/>
  <testcase classname="Tests.PutPatchDelete" name="testPatch" time="0.961"/>
  <testcase classname="Tests.PutPatchDelete" name="testDelete" time="2.030"/>
</testsuite> <!-- Tests.PutPatchDelete -->
