<?xml version="1.0" encoding="UTF-8"?>
<!-- Generated by org.testng.reporters.JUnitReportReporter -->
<testsuite hostname="DESKTOP-G4KEMP5" failures="0" tests="2" name="Tests.GetAndPostExamples" time="2.726" errors="0" timestamp="2025-03-21T17:22:32 IST" skipped="0">
  <testcase classname="Tests.GetAndPostExamples" name="testGet" time="2.208"/>
  <testcase classname="Tests.GetAndPostExamples" name="testPost" time="0.518"/>
</testsuite> <!-- Tests.GetAndPostExamples -->
